  Precompiled.cpp
  class template variant is only available with C++17 or later.
  AudioSystem.cpp
  Camera.cpp
  Config.cpp
  ConstantBuffer.cpp
  Font.cpp
  GraphicsSystem.cpp
  Gui.cpp
  InputSystem.cpp
  PixelShader.cpp
  SimpleDraw.cpp
  SoundEffectManager.cpp
  SpriteRenderer.cpp
  Texture.cpp
  TextureManager.cpp
  Timer.cpp
  Vertex.cpp
  VertexShader.cpp
  VertexUtil.cpp
  XEngine.cpp
  XMath.cpp
  Generating Code...
  X.vcxproj -> C:\Users\Zixuan XU\Desktop\AI_Game_VS\x64\Debug\X.lib
  C:\Users\Zixuan XU\Desktop\AI_Game_VS\X\External\FW1FontWrapper_1_1\x64\FW1FontWrapper.dll
          1 file(s) copied.
